<?xml version="1.0" encoding="utf-8"?>
<TestRun id="565bce20-76ad-4525-9923-1ded9a40494a" name="marvi@DESKTOP-BB8HB2E 2023-05-30 20:57:59" runUser="DESKTOP-BB8HB2E\marvi" xmlns="http://microsoft.com/schemas/VisualStudio/TeamTest/2010">
  <Times creation="2023-05-30T20:57:59.4574091+02:00" queuing="2023-05-30T20:57:59.4574098+02:00" start="2023-05-30T20:57:58.4035089+02:00" finish="2023-05-30T20:57:59.4582549+02:00" />
  <TestSettings name="default" id="c70e0ac9-aa21-4615-9fae-3da1a10f6d73">
    <Deployment runDeploymentRoot="marvi_DESKTOP-BB8HB2E_2023-05-30_20_57_59" />
  </TestSettings>
  <TestLists>
    <TestList name="Ergebnisse nicht in einer Liste" id="8c84fa94-04c1-424b-9868-57a2d4851a1d" />
    <TestList name="Alle geladenen Ergebnisse" id="19431567-8539-422a-85d7-44ee4e166bda" />
  </TestLists>
  <ResultSummary outcome="Completed">
    <Counters total="0" executed="0" passed="0" failed="0" error="0" timeout="0" aborted="0" inconclusive="0" passedButRunAborted="0" notRunnable="0" notExecuted="0" disconnected="0" warning="0" completed="0" inProgress="0" pending="0" />
  </ResultSummary>
</TestRun>