<?xml version="1.0" encoding="utf-8"?>
<TestRun id="12a92a29-b02b-422a-8be1-7b8a4cef1e67" name="marvi@DESKTOP-BB8HB2E 2023-05-30 22:49:50" runUser="DESKTOP-BB8HB2E\marvi" xmlns="http://microsoft.com/schemas/VisualStudio/TeamTest/2010">
  <Times creation="2023-05-30T22:49:50.9827725+02:00" queuing="2023-05-30T22:49:50.9827728+02:00" start="2023-05-30T22:49:50.3813069+02:00" finish="2023-05-30T22:49:50.9836136+02:00" />
  <TestSettings name="default" id="34f0777b-67a0-4970-929c-cb8a152646d0">
    <Deployment runDeploymentRoot="marvi_DESKTOP-BB8HB2E_2023-05-30_22_49_50" />
  </TestSettings>
  <TestLists>
    <TestList name="Ergebnisse nicht in einer Liste" id="8c84fa94-04c1-424b-9868-57a2d4851a1d" />
    <TestList name="Alle geladenen Ergebnisse" id="19431567-8539-422a-85d7-44ee4e166bda" />
  </TestLists>
  <ResultSummary outcome="Completed">
    <Counters total="0" executed="0" passed="0" failed="0" error="0" timeout="0" aborted="0" inconclusive="0" passedButRunAborted="0" notRunnable="0" notExecuted="0" disconnected="0" warning="0" completed="0" inProgress="0" pending="0" />
  </ResultSummary>
</TestRun>